Using pre-set license
Built from '2020.3/release' branch; Version is '2020.3.1f1 (77a89f25062f) revision 7841951'; Using compiler version '192528614'; Build Type 'Release'
OS: 'Windows 10 Education; OS build 19042.985; Version 2009; 64bit' Language: 'ru' Physical Memory: 16315 MB
BatchMode: 1, IsHumanControllingUs: 0, StartBugReporterOnCrash: 0, Is64bit: 1, IsPro: 0

 COMMAND LINE ARGUMENTS:
D:\Program Files (x86)\Unity\2020.3.1f1\Editor\Unity.exe
-adb2
-batchMode
-noUpm
-name
AssetImportWorker0
-projectPath
D:/UnityProject/CubicSpace/CubicSpace
-logFile
Logs/AssetImportWorker0.log
-srvPort
52846
Successfully changed project path to: D:/UnityProject/CubicSpace/CubicSpace
D:/UnityProject/CubicSpace/CubicSpace
Using Asset Import Pipeline V2.
Refreshing native plugins compatible for Editor in 39.82 ms, found 0 plugins.
Preloading 0 native plugins for Editor in 0.00 ms.
Initialize engine version: 2020.3.1f1 (77a89f25062f)
[Subsystems] Discovering subsystems at path D:/Program Files (x86)/Unity/2020.3.1f1/Editor/Data/Resources/UnitySubsystems
[Subsystems] Discovering subsystems at path D:/UnityProject/CubicSpace/CubicSpace/Assets
GfxDevice: creating device client; threaded=0
Direct3D:
    Version:  Direct3D 11.0 [level 11.0]
    Renderer: NVIDIA GeForce GTX 660 (ID=0x11c0)
    Vendor:   
    VRAM:     1998 MB
    Driver:   27.21.14.6647
Initialize mono
Mono path[0] = 'D:/Program Files (x86)/Unity/2020.3.1f1/Editor/Data/Managed'
Mono path[1] = 'D:/Program Files (x86)/Unity/2020.3.1f1/Editor/Data/MonoBleedingEdge/lib/mono/unityjit'
Mono config path = 'D:/Program Files (x86)/Unity/2020.3.1f1/Editor/Data/MonoBleedingEdge/etc'
Using monoOptions --debugger-agent=transport=dt_socket,embedding=1,server=y,suspend=n,address=127.0.0.1:56576
Begin MonoManager ReloadAssembly
Registering precompiled unity dll's ...
Register platform support module: D:/Program Files (x86)/Unity/2020.3.1f1/Editor/Data/PlaybackEngines/WebGLSupport/UnityEditor.WebGL.Extensions.dll
Register platform support module: D:/Program Files (x86)/Unity/2020.3.1f1/Editor/Data/PlaybackEngines/MacStandaloneSupport/UnityEditor.OSXStandalone.Extensions.dll
Register platform support module: D:/Program Files (x86)/Unity/2020.3.1f1/Editor/Data/PlaybackEngines/WindowsStandaloneSupport/UnityEditor.WindowsStandalone.Extensions.dll
Register platform support module: D:/Program Files (x86)/Unity/2020.3.1f1/Editor/Data/PlaybackEngines/LinuxStandaloneSupport/UnityEditor.LinuxStandalone.Extensions.dll
Registered in 0.001988 seconds.
Native extension for LinuxStandalone target not found
Native extension for WindowsStandalone target not found
Native extension for OSXStandalone target not found
Native extension for WebGL target not found
Refreshing native plugins compatible for Editor in 33.24 ms, found 0 plugins.
Preloading 0 native plugins for Editor in 0.00 ms.
Invoked RoslynAnalysisRunner static constructor.
RoslynAnalysisRunner will not be running.
RoslynAnalysisRunner has terminated.
Mono: successfully reloaded assembly
- Completed reload, in  1.842 seconds
Platform modules already initialized, skipping
Registering precompiled user dll's ...
Registered in 0.004910 seconds.
Begin MonoManager ReloadAssembly
Native extension for LinuxStandalone target not found
Native extension for WindowsStandalone target not found
Native extension for OSXStandalone target not found
Native extension for WebGL target not found
Refreshing native plugins compatible for Editor in 0.57 ms, found 0 plugins.
Preloading 0 native plugins for Editor in 0.00 ms.
Invoked RoslynAnalysisRunner static constructor.
RoslynAnalysisRunner will not be running.
RoslynAnalysisRunner has terminated.
Mono: successfully reloaded assembly
- Completed reload, in  0.861 seconds
Platform modules already initialized, skipping
========================================================================
Worker process is ready to serve import requests
Launched and connected shader compiler UnityShaderCompiler.exe after 0.06 seconds
Refreshing native plugins compatible for Editor in 0.54 ms, found 0 plugins.
Preloading 0 native plugins for Editor in 0.00 ms.
Unloading 1460 Unused Serialized files (Serialized files now loaded: 0)
System memory in use before: 66.1 MB.
System memory in use after: 66.2 MB.

Unloading 53 unused Assets to reduce memory usage. Loaded Objects now: 1873.
Total: 2.443100 ms (FindLiveObjects: 0.213400 ms CreateObjectMapping: 0.054100 ms MarkObjects: 2.082900 ms  DeleteObjects: 0.091500 ms)

========================================================================
Received Import Request.
  path: Assets/Sounds/boom2.mp3
  artifactKey: Guid(f7827a92ddbb9564dbdd432fdc37242e) Importer(815301076,1909f56bfc062723c751e8b465ee728b)
Start importing Assets/Sounds/boom2.mp3 using Guid(f7827a92ddbb9564dbdd432fdc37242e) Importer(815301076,1909f56bfc062723c751e8b465ee728b)  -> (artifact id: 'd07e5a92ba1d189a20971ba148c06047') in 0.126611 seconds
  Import took 0.130452 seconds .

========================================================================
Received Import Request.
  Time since last request: 0.000222 seconds.
  path: Assets/Sounds/boom.mp3
  artifactKey: Guid(d5b6d983ffd6baf42bed574e9a000a6f) Importer(815301076,1909f56bfc062723c751e8b465ee728b)
Start importing Assets/Sounds/boom.mp3 using Guid(d5b6d983ffd6baf42bed574e9a000a6f) Importer(815301076,1909f56bfc062723c751e8b465ee728b)  -> (artifact id: 'f167d36d66633ae12509c5604ff3000b') in 0.012437 seconds
  Import took 0.014732 seconds .

========================================================================
Received Import Request.
  Time since last request: 0.000269 seconds.
  path: Assets/Sounds/shootShip2.mp3
  artifactKey: Guid(3751d75ac83532b4fb34cec9f5284f6b) Importer(815301076,1909f56bfc062723c751e8b465ee728b)
Start importing Assets/Sounds/shootShip2.mp3 using Guid(3751d75ac83532b4fb34cec9f5284f6b) Importer(815301076,1909f56bfc062723c751e8b465ee728b)  -> (artifact id: '2b26a1adfe569a5bf17ad5b8c1c1fe45') in 0.012403 seconds
  Import took 0.015140 seconds .

========================================================================
Received Import Request.
  Time since last request: 0.000181 seconds.
  path: Assets/Sounds/collideMissile.mp3
  artifactKey: Guid(e6027d0740f33634aae81caf28dfa602) Importer(815301076,1909f56bfc062723c751e8b465ee728b)
Start importing Assets/Sounds/collideMissile.mp3 using Guid(e6027d0740f33634aae81caf28dfa602) Importer(815301076,1909f56bfc062723c751e8b465ee728b)  -> (artifact id: 'fab0b39d8af09321e97543897e298b81') in 0.011011 seconds
  Import took 0.013798 seconds .

========================================================================
Received Import Request.
  Time since last request: 0.000218 seconds.
  path: Assets/Sounds/bgMusic.mp3
  artifactKey: Guid(4bdc5f15bb0af4c4392afbda72c9562f) Importer(815301076,1909f56bfc062723c751e8b465ee728b)
Start importing Assets/Sounds/bgMusic.mp3 using Guid(4bdc5f15bb0af4c4392afbda72c9562f) Importer(815301076,1909f56bfc062723c751e8b465ee728b)  -> (artifact id: '482c5b7cf97a71d18314bdc3bf790e67') in 0.039609 seconds
  Import took 0.042373 seconds .

========================================================================
Received Import Request.
  Time since last request: 0.000228 seconds.
  path: Assets/Sounds/pickUp.mp3
  artifactKey: Guid(0b10cb935551983448aa6ce5d850fa93) Importer(815301076,1909f56bfc062723c751e8b465ee728b)
Start importing Assets/Sounds/pickUp.mp3 using Guid(0b10cb935551983448aa6ce5d850fa93) Importer(815301076,1909f56bfc062723c751e8b465ee728b)  -> (artifact id: '0e0bb711160dfe04b23f9a742bc6e404') in 0.011486 seconds
  Import took 0.014414 seconds .

========================================================================
Received Import Request.
  Time since last request: 0.000231 seconds.
  path: Assets/Sounds/rocketLaunch.mp3
  artifactKey: Guid(fd4a87a8afbac444ab6734d596e804a4) Importer(815301076,1909f56bfc062723c751e8b465ee728b)
Start importing Assets/Sounds/rocketLaunch.mp3 using Guid(fd4a87a8afbac444ab6734d596e804a4) Importer(815301076,1909f56bfc062723c751e8b465ee728b)  -> (artifact id: '80a0575cd341f33c2f4d99d429cc8659') in 0.013134 seconds
  Import took 0.015632 seconds .

========================================================================
Received Import Request.
  Time since last request: 0.000188 seconds.
  path: Assets/Sounds/shootShip3.mp3
  artifactKey: Guid(2ff1a0ee15628e5488815de0edbdd109) Importer(815301076,1909f56bfc062723c751e8b465ee728b)
Start importing Assets/Sounds/shootShip3.mp3 using Guid(2ff1a0ee15628e5488815de0edbdd109) Importer(815301076,1909f56bfc062723c751e8b465ee728b)  -> (artifact id: '7339c31a0d5eac93f70f0492be75923b') in 0.010924 seconds
  Import took 0.013260 seconds .

========================================================================
Received Import Request.
  Time since last request: 1.824430 seconds.
  path: Assets/Script
  artifactKey: Guid(f74bd453b38e13b4f878dd55d527256f) Importer(815301076,1909f56bfc062723c751e8b465ee728b)
Start importing Assets/Script using Guid(f74bd453b38e13b4f878dd55d527256f) Importer(815301076,1909f56bfc062723c751e8b465ee728b)  -> (artifact id: '3d901978742f2a6972fe12057730fe60') in 0.009697 seconds
  Import took 0.013105 seconds .

========================================================================
Received Import Request.
  Time since last request: 0.000932 seconds.
  path: Assets/Script
  artifactKey: Guid(f74bd453b38e13b4f878dd55d527256f) Importer(815301076,1909f56bfc062723c751e8b465ee728b)
Start importing Assets/Script using Guid(f74bd453b38e13b4f878dd55d527256f) Importer(815301076,1909f56bfc062723c751e8b465ee728b)  -> (artifact id: '3d901978742f2a6972fe12057730fe60') in 0.002218 seconds
  Import took 0.005080 seconds .

========================================================================
Received Import Request.
  Time since last request: 3.361184 seconds.
  path: Assets/Script/Rocket.cs
  artifactKey: Guid(ec8d06226106ef648b78202290003010) Importer(815301076,1909f56bfc062723c751e8b465ee728b)
Start importing Assets/Script/Rocket.cs using Guid(ec8d06226106ef648b78202290003010) Importer(815301076,1909f56bfc062723c751e8b465ee728b)  -> (artifact id: '33fa4493340ce1a80ca30e0d2feb264d') in 0.012553 seconds
  Import took 0.015936 seconds .

AssetImportWorkerClient::OnTransportError - code=2 error=End of file
